<?xml version="1.0" encoding="UTF-8"?>
<!-- Generated by org.testng.reporters.JUnitReportReporter -->
<testsuite hostname="DESKTOP-5KOQ1HL" failures="0" tests="1" name="TestRunner.RunnerClass" time="16.784" errors="0" timestamp="2021-01-27T00:27:36 IST" skipped="0">
  <testcase classname="TestRunner.RunnerClass" name="feature" time="16.784"/>
  <system-out/>
</testsuite> <!-- TestRunner.RunnerClass -->
