<?xml version="1.0" encoding="UTF-8"?>
<!-- Generated by org.testng.reporters.JUnitReportReporter -->
<testsuite hostname="DESKTOP-5KOQ1HL" failures="0" tests="1" name="TestRunner.RunnerClass" time="13.079" errors="0" timestamp="2021-01-29T16:21:15 IST" skipped="0">
  <testcase classname="TestRunner.RunnerClass" name="feature" time="13.079"/>
  <system-out/>
</testsuite> <!-- TestRunner.RunnerClass -->
